2020-10-09 17:42:54,436 INFO o.s.t.c.s.AbstractTestContextBootstrapper [main] Neither @ContextConfiguration nor @ContextHierarchy found for test class [com.heiwait.tripagency.infrastructure.repository.driver.exposition.rest.api.TripResourceTest], using SpringBootContextLoader
2020-10-09 17:42:54,449 INFO o.s.t.c.s.AbstractContextLoader [main] Could not detect default resource locations for test class [com.heiwait.tripagency.infrastructure.repository.driver.exposition.rest.api.TripResourceTest]: no resource found for suffixes {-context.xml, Context.groovy}.
2020-10-09 17:42:54,451 INFO o.s.t.c.s.AnnotationConfigContextLoaderUtils [main] Could not detect default configuration classes for test class [com.heiwait.tripagency.infrastructure.repository.driver.exposition.rest.api.TripResourceTest]: TripResourceTest does not declare any static, non-private, non-final, nested classes annotated with @Configuration.
2020-10-09 17:42:54,608 INFO o.s.b.t.c.SpringBootTestContextBootstrapper [main] Found @SpringBootConfiguration com.heiwait.tripagency.infrastructure.repository.driver.exposition.ExpositionApplication for test class com.heiwait.tripagency.infrastructure.repository.driver.exposition.rest.api.TripResourceTest
2020-10-09 17:42:54,727 INFO o.s.t.c.s.AbstractTestContextBootstrapper [main] Loaded default TestExecutionListener class names from location [META-INF/spring.factories]: [org.springframework.boot.test.autoconfigure.restdocs.RestDocsTestExecutionListener, org.springframework.boot.test.autoconfigure.web.client.MockRestServiceServerResetTestExecutionListener, org.springframework.boot.test.autoconfigure.web.servlet.MockMvcPrintOnlyOnFailureTestExecutionListener, org.springframework.boot.test.autoconfigure.web.servlet.WebDriverTestExecutionListener, org.springframework.boot.test.autoconfigure.webservices.client.MockWebServiceServerTestExecutionListener, org.springframework.boot.test.mock.mockito.MockitoTestExecutionListener, org.springframework.boot.test.mock.mockito.ResetMocksTestExecutionListener, org.springframework.test.context.web.ServletTestExecutionListener, org.springframework.test.context.support.DirtiesContextBeforeModesTestExecutionListener, org.springframework.test.context.support.DependencyInjectionTestExecutionListener, org.springframework.test.context.support.DirtiesContextTestExecutionListener, org.springframework.test.context.transaction.TransactionalTestExecutionListener, org.springframework.test.context.jdbc.SqlScriptsTestExecutionListener, org.springframework.test.context.event.EventPublishingTestExecutionListener]
2020-10-09 17:42:54,755 INFO o.s.t.c.s.AbstractTestContextBootstrapper [main] Using TestExecutionListeners: [org.springframework.test.context.web.ServletTestExecutionListener@4f876114, org.springframework.test.context.support.DirtiesContextBeforeModesTestExecutionListener@52d625bd, org.springframework.boot.test.mock.mockito.MockitoTestExecutionListener@608448e7, org.springframework.boot.test.autoconfigure.SpringBootDependencyInjectionTestExecutionListener@3bd7829b, org.springframework.test.context.support.DirtiesContextTestExecutionListener@4faccb34, org.springframework.test.context.transaction.TransactionalTestExecutionListener@2cb4e4b1, org.springframework.test.context.jdbc.SqlScriptsTestExecutionListener@6e3552b0, org.springframework.test.context.event.EventPublishingTestExecutionListener@6971c6b7, org.springframework.boot.test.autoconfigure.restdocs.RestDocsTestExecutionListener@402d45c6, org.springframework.boot.test.autoconfigure.web.client.MockRestServiceServerResetTestExecutionListener@4b37b01e, org.springframework.boot.test.autoconfigure.web.servlet.MockMvcPrintOnlyOnFailureTestExecutionListener@f53db1a, org.springframework.boot.test.autoconfigure.web.servlet.WebDriverTestExecutionListener@6870e039, org.springframework.boot.test.autoconfigure.webservices.client.MockWebServiceServerTestExecutionListener@42599b84, org.springframework.boot.test.mock.mockito.ResetMocksTestExecutionListener@34986491]
2020-10-09 17:42:55,124 INFO o.s.b.StartupInfoLogger [main] Starting TripResourceTest on Dans-Mac-mini.local with PID 14862 (started by dan in /Volumes/DATA/Dan/workspaces/TripAgency/exposition)
2020-10-09 17:42:55,127 DEBUG o.s.b.StartupInfoLogger [main] Running with Spring Boot v2.3.3.RELEASE, Spring v5.2.8.RELEASE
2020-10-09 17:42:55,128 INFO o.s.b.SpringApplication [main] No active profile set, falling back to default profiles: default
2020-10-09 17:42:56,130 INFO o.s.d.r.c.RepositoryConfigurationDelegate [main] Bootstrapping Spring Data JPA repositories in DEFAULT mode.
2020-10-09 17:42:56,182 INFO o.s.d.r.c.RepositoryConfigurationDelegate [main] Finished Spring Data repository scanning in 44ms. Found 1 JPA repository interfaces.
2020-10-09 17:42:57,269 INFO o.s.b.w.e.t.TomcatWebServer [main] Tomcat initialized with port(s): 0 (http)
2020-10-09 17:42:57,283 INFO o.a.j.l.DirectJDKLog [main] Initializing ProtocolHandler ["http-nio-auto-1"]
2020-10-09 17:42:57,284 INFO o.a.j.l.DirectJDKLog [main] Starting service [Tomcat]
2020-10-09 17:42:57,284 INFO o.a.j.l.DirectJDKLog [main] Starting Servlet engine: [Apache Tomcat/9.0.37]
2020-10-09 17:42:57,440 INFO o.a.j.l.DirectJDKLog [main] Initializing Spring embedded WebApplicationContext
2020-10-09 17:42:57,441 INFO o.s.b.w.s.c.ServletWebServerApplicationContext [main] Root WebApplicationContext: initialization completed in 1976 ms
2020-10-09 17:42:57,524 INFO c.z.h.HikariDataSource [main] HikariPool-1 - Starting...
2020-10-09 17:42:57,870 INFO c.z.h.HikariDataSource [main] HikariPool-1 - Start completed.
2020-10-09 17:42:57,880 INFO o.s.b.a.h.H2ConsoleAutoConfiguration [main] H2 console available at '/h2-console'. Database available at 'jdbc:h2:mem:my-trip-db'
2020-10-09 17:42:58,445 INFO l.l.c.JavaLogger [main] Successfully acquired change log lock
2020-10-09 17:42:58,721 INFO l.l.c.JavaLogger [main] Creating database history table with name: PUBLIC.DATABASECHANGELOG
2020-10-09 17:42:58,725 INFO l.l.c.JavaLogger [main] Reading from PUBLIC.DATABASECHANGELOG
2020-10-09 17:42:58,778 INFO l.l.c.JavaLogger [main] Table destination created
2020-10-09 17:42:58,779 INFO l.l.c.JavaLogger [main] ChangeSet db/changelog/1.0/2018-12-14_1_CREATE_TABLE_DESTINATION.yaml::1::dan ran successfully in 13ms
2020-10-09 17:42:58,821 INFO l.l.c.JavaLogger [main] SQL in file sql/2018-12-14_insert_destinations.sql executed
2020-10-09 17:42:58,821 INFO l.l.c.JavaLogger [main] ChangeSet db/changelog/1.0/2018-12-14_2_INSERT_DESTINATIONS.yaml::2::Dan ran successfully in 17ms
2020-10-09 17:42:58,826 INFO l.l.c.JavaLogger [main] Table trip created
2020-10-09 17:42:58,826 INFO l.l.c.JavaLogger [main] ChangeSet db/changelog/1.0/2018-12-14_3_CREATE_TABLE_TRIP.yaml::3::dan ran successfully in 3ms
2020-10-09 17:42:58,834 INFO l.l.c.JavaLogger [main] SQL in file sql/2018-12-14_insert_trips.sql executed
2020-10-09 17:42:58,835 INFO l.l.c.JavaLogger [main] ChangeSet db/changelog/1.0/2018-12-14_4_INSERT_TRIPS.yaml::4::Dan ran successfully in 6ms
2020-10-09 17:42:58,838 INFO l.l.c.JavaLogger [main] Successfully released change log lock
2020-10-09 17:42:58,981 INFO o.h.j.i.u.LogHelper [main] HHH000204: Processing PersistenceUnitInfo [
	name: default
	...]
2020-10-09 17:42:59,096 INFO o.h.Version [main] HHH000412: Hibernate Core {5.4.0.Final}
2020-10-09 17:42:59,098 INFO o.h.c.Environment [main] HHH000206: hibernate.properties not found
2020-10-09 17:42:59,318 INFO o.h.a.c.r.j.JavaReflectionManager [main] HCANN000001: Hibernate Commons Annotations {5.1.0.Final}
2020-10-09 17:42:59,479 INFO o.h.d.Dialect [main] HHH000400: Using dialect: org.hibernate.dialect.H2Dialect
2020-10-09 17:43:00,097 INFO o.h.e.t.j.p.i.JtaPlatformInitiator [main] HHH000490: Using JtaPlatform implementation: [org.hibernate.engine.transaction.jta.platform.internal.NoJtaPlatform]
2020-10-09 17:43:00,099 INFO o.s.o.j.AbstractEntityManagerFactoryBean [main] Initialized JPA EntityManagerFactory for persistence unit 'default'
2020-10-09 17:43:00,491 INFO o.h.h.i.QueryTranslatorFactoryInitiator [main] HHH000397: Using ASTQueryTranslatorFactory
2020-10-09 17:43:00,936 WARN o.s.b.a.o.j.JpaBaseConfiguration$JpaWebConfiguration [main] spring.jpa.open-in-view is enabled by default. Therefore, database queries may be performed during view rendering. Explicitly configure spring.jpa.open-in-view to disable this warning
2020-10-09 17:43:01,476 INFO o.s.s.c.ExecutorConfigurationSupport [main] Initializing ExecutorService 'applicationTaskExecutor'
2020-10-09 17:43:02,117 INFO o.a.j.l.DirectJDKLog [main] Starting ProtocolHandler ["http-nio-auto-1"]
2020-10-09 17:43:02,152 INFO o.s.b.w.e.t.TomcatWebServer [main] Tomcat started on port(s): 60488 (http) with context path '/trip-agency'
2020-10-09 17:43:02,417 INFO o.s.b.StartupInfoLogger [main] Started TripResourceTest in 7.617 seconds (JVM running for 9.645)
2020-10-09 17:43:04,794 INFO o.a.j.l.DirectJDKLog [http-nio-auto-1-exec-1] Initializing Spring DispatcherServlet 'dispatcherServlet'
2020-10-09 17:43:04,796 INFO o.s.w.s.FrameworkServlet [http-nio-auto-1-exec-1] Initializing Servlet 'dispatcherServlet'
2020-10-09 17:43:04,827 INFO o.s.w.s.FrameworkServlet [http-nio-auto-1-exec-1] Completed initialization in 31 ms
2020-10-09 17:43:05,643 INFO o.s.s.c.ExecutorConfigurationSupport [SpringContextShutdownHook] Shutting down ExecutorService 'applicationTaskExecutor'
2020-10-09 17:43:05,645 INFO o.s.o.j.AbstractEntityManagerFactoryBean [SpringContextShutdownHook] Closing JPA EntityManagerFactory for persistence unit 'default'
2020-10-09 17:43:05,647 INFO c.z.h.HikariDataSource [SpringContextShutdownHook] HikariPool-1 - Shutdown initiated...
2020-10-09 17:43:05,648 INFO c.z.h.HikariDataSource [SpringContextShutdownHook] HikariPool-1 - Shutdown completed.
